tspitr    | ---------------------------------------------------------------
tspitr    |  - DATABASE TRMAN01 IS READY TO USE!
tspitr    | ---------------------------------------------------------------
tspitr    | 
tspitr    | Executing user defined scripts
tspitr    | /opt/oradba/bin/53_config_database.sh: running /u01/config/startup/00_prepare_env_tspitr.sh
tspitr    | = Prepare PDB Environment =============================================
tspitr    | TNS name entry tspitr1.postgasse.org does exists.
tspitr    | = Finish PDB Environment ==============================================
tspitr    | 
tspitr    | /opt/oradba/bin/53_config_database.sh: running /u01/config/startup/01_create_pdb_tspitr.sql
tspitr    | 
tspitr    | 
tspitr    | 
tspitr    | 
tspitr    | 
tspitr    | 
tspitr    | 
tspitr    | Pluggable database created.
tspitr    | 
tspitr    | 
tspitr    | Pluggable database altered.
tspitr    | 
tspitr    | 
tspitr    | Pluggable database altered.
tspitr    | 
tspitr    | 
tspitr    | Session altered.
tspitr    | 
tspitr    | 
tspitr    | Tablespace created.
tspitr    | 
tspitr    | 
tspitr    | PROPERTY_NAME		       PROPERTY_VALUE
tspitr    | ------------------------------ ------------------------------
tspitr    | DEFAULT_PERMANENT_TABLESPACE   SYSTEM
tspitr    | 
tspitr    | 1 row selected.
tspitr    | 
tspitr    | 
tspitr    | 
tspitr    | /opt/oradba/bin/53_config_database.sh: running /u01/config/startup/02_create_scott_tspitr.sql
tspitr    | 
tspitr    | Session altered.
tspitr    | 
tspitr    | 
tspitr    | Grant succeeded.
tspitr    | 
tspitr    | 
tspitr    | User altered.
tspitr    | 
tspitr    | 
tspitr    | Session altered.
tspitr    | 
tspitr    | 
tspitr    | Table created.
tspitr    | 
tspitr    | 
tspitr    | Table created.
tspitr    | 
tspitr    | 
tspitr    | 1 row created.
tspitr    | 
tspitr    | 
tspitr    | 1 row created.
tspitr    | 
tspitr    | 
tspitr    | 1 row created.
tspitr    | 
tspitr    | 
tspitr    | 1 row created.
tspitr    | 
tspitr    | 
tspitr    | 1 row created.
tspitr    | 
tspitr    | 
tspitr    | 1 row created.
tspitr    | 
tspitr    | 
tspitr    | 1 row created.
tspitr    | 
tspitr    | 
tspitr    | 1 row created.
tspitr    | 
tspitr    | 
tspitr    | 1 row created.
tspitr    | 
tspitr    | 
tspitr    | 1 row created.
tspitr    | 
tspitr    | 
tspitr    | 1 row created.
tspitr    | 
tspitr    | 
tspitr    | 1 row created.
tspitr    | 
tspitr    | 
tspitr    | 1 row created.
tspitr    | 
tspitr    | 
tspitr    | 1 row created.
tspitr    | 
tspitr    | 
tspitr    | 1 row created.
tspitr    | 
tspitr    | 
tspitr    | 1 row created.
tspitr    | 
tspitr    | 
tspitr    | 1 row created.
tspitr    | 
tspitr    | 
tspitr    | 1 row created.
tspitr    | 
tspitr    | 
tspitr    | Table created.
tspitr    | 
tspitr    | 
tspitr    | Table created.
tspitr    | 
tspitr    | 
tspitr    | 1 row created.
tspitr    | 
tspitr    | 
tspitr    | 1 row created.
tspitr    | 
tspitr    | 
tspitr    | 1 row created.
tspitr    | 
tspitr    | 
tspitr    | 1 row created.
tspitr    | 
tspitr    | 
tspitr    | 1 row created.
tspitr    | 
tspitr    | 
tspitr    | Commit complete.
tspitr    | 
tspitr    | 
tspitr    | 
tspitr    | /opt/oradba/bin/53_config_database.sh: running /u01/config/startup/10_cleanup_backups.sh
tspitr    | Example startup script for Database TRMAN01:
tspitr    |   ORACLE_SID          :   TRMAN01
tspitr    |   ORACLE_HOME         :   /u00/app/oracle/product/19.0.0.0
tspitr    | RMAN backup of Database TRMAN01:
tspitr    | 
tspitr    | Recovery Manager: Release 19.0.0.0.0 - Production on Tue Nov 26 07:43:23 2019
tspitr    | Version 19.5.0.0.0
tspitr    | 
tspitr    | Copyright (c) 1982, 2019, Oracle and/or its affiliates.  All rights reserved.
tspitr    | 
tspitr    | RMAN> 
tspitr    | connected to target database: TRMAN01 (DBID=3810649330)
tspitr    | 
tspitr    | RMAN> 
tspitr    | using target database control file instead of recovery catalog
tspitr    | allocated channel: ORA_DISK_1
tspitr    | channel ORA_DISK_1: SID=136 device type=DISK
tspitr    | List of Archived Log Copies for database with db_unique_name TRMAN01
tspitr    | =====================================================================
tspitr    | 
tspitr    | Key     Thrd Seq     S Low Time 
tspitr    | ------- ---- ------- - ---------
tspitr    | 196     1    207     A 26-NOV-19
tspitr    |         Name: /u01/fast_recovery_area/TRMAN01/archivelog/2019_11_26/o1_mf_1_207_gxsnhrrk_.arc
tspitr    | 
tspitr    | 197     1    208     A 26-NOV-19
tspitr    |         Name: /u01/fast_recovery_area/TRMAN01/archivelog/2019_11_26/o1_mf_1_208_gxsnhshr_.arc
tspitr    | 
tspitr    | 198     1    209     A 26-NOV-19
tspitr    |         Name: /u01/fast_recovery_area/TRMAN01/archivelog/2019_11_26/o1_mf_1_209_gxsnk130_.arc
tspitr    | 
tspitr    | deleted archived log
tspitr    | archived log file name=/u01/fast_recovery_area/TRMAN01/archivelog/2019_11_26/o1_mf_1_207_gxsnhrrk_.arc RECID=196 STAMP=1025335160
tspitr    | deleted archived log
tspitr    | archived log file name=/u01/fast_recovery_area/TRMAN01/archivelog/2019_11_26/o1_mf_1_208_gxsnhshr_.arc RECID=197 STAMP=1025335161
tspitr    | deleted archived log
tspitr    | archived log file name=/u01/fast_recovery_area/TRMAN01/archivelog/2019_11_26/o1_mf_1_209_gxsnk130_.arc RECID=198 STAMP=1025335201
tspitr    | Deleted 3 objects
tspitr    | 
tspitr    | 
tspitr    | RMAN> 
tspitr    | using channel ORA_DISK_1
tspitr    | 
tspitr    | List of Backup Pieces
tspitr    | BP Key  BS Key  Pc# Cp# Status      Device Type Piece Name
tspitr    | ------- ------- --- --- ----------- ----------- ----------
tspitr    | 107     107     1   1   AVAILABLE   DISK        /u01/fast_recovery_area/TRMAN01/backupset/2019_11_26/o1_mf_annnn_TAG20191126T071826_gxsng2kx_.bkp
tspitr    | 108     108     1   1   AVAILABLE   DISK        /u01/fast_recovery_area/TRMAN01/backupset/2019_11_26/o1_mf_nnndf_TAG20191126T071827_gxsng4dv_.bkp
tspitr    | 109     109     1   1   AVAILABLE   DISK        /u01/fast_recovery_area/TRMAN01/983BAE4D5C400163E053030011AC432C/backupset/2019_11_26/o1_mf_nnndf_TAG20191126T071827_gxsngcrg_.bkp
tspitr    | 110     110     1   1   AVAILABLE   DISK        /u01/fast_recovery_area/TRMAN01/982DEE183E3918E0E053030011AC2C38/backupset/2019_11_26/o1_mf_nnndf_TAG20191126T071827_gxsnglq0_.bkp
tspitr    | 111     111     1   1   AVAILABLE   DISK        /u01/fast_recovery_area/TRMAN01/982CF63B04940255E053030011AC32A4/backupset/2019_11_26/o1_mf_nnndf_TAG20191126T071827_gxsngt0t_.bkp
tspitr    | 112     112     1   1   AVAILABLE   DISK        /u01/fast_recovery_area/TRMAN01/backupset/2019_11_26/o1_mf_annnn_TAG20191126T071857_gxsnh1cj_.bkp
tspitr    | 113     113     1   1   AVAILABLE   DISK        /u01/fast_recovery_area/TRMAN01/autobackup/2019_11_26/o1_mf_s_1025335138_gxsnh2qo_.bkp
tspitr    | 114     114     1   1   AVAILABLE   DISK        /u01/fast_recovery_area/TRMAN01/backupset/2019_11_26/o1_mf_annnn_TAG20191126T071917_gxsnhod7_.bkp
tspitr    | 115     115     1   1   AVAILABLE   DISK        /u01/fast_recovery_area/TRMAN01/autobackup/2019_11_26/o1_mf_s_1025335158_gxsnhpy7_.bkp
tspitr    | 116     116     1   1   AVAILABLE   DISK        /u01/fast_recovery_area/TRMAN01/autobackup/2019_11_26/o1_mf_s_1025335976_gxso9894_.bkp
tspitr    | deleted backup piece
tspitr    | backup piece handle=/u01/fast_recovery_area/TRMAN01/backupset/2019_11_26/o1_mf_annnn_TAG20191126T071826_gxsng2kx_.bkp RECID=107 STAMP=1025335106
tspitr    | deleted backup piece
tspitr    | backup piece handle=/u01/fast_recovery_area/TRMAN01/backupset/2019_11_26/o1_mf_nnndf_TAG20191126T071827_gxsng4dv_.bkp RECID=108 STAMP=1025335108
tspitr    | deleted backup piece
tspitr    | backup piece handle=/u01/fast_recovery_area/TRMAN01/983BAE4D5C400163E053030011AC432C/backupset/2019_11_26/o1_mf_nnndf_TAG20191126T071827_gxsngcrg_.bkp RECID=109 STAMP=1025335115
tspitr    | deleted backup piece
tspitr    | backup piece handle=/u01/fast_recovery_area/TRMAN01/982DEE183E3918E0E053030011AC2C38/backupset/2019_11_26/o1_mf_nnndf_TAG20191126T071827_gxsnglq0_.bkp RECID=110 STAMP=1025335122
tspitr    | deleted backup piece
tspitr    | backup piece handle=/u01/fast_recovery_area/TRMAN01/982CF63B04940255E053030011AC32A4/backupset/2019_11_26/o1_mf_nnndf_TAG20191126T071827_gxsngt0t_.bkp RECID=111 STAMP=1025335130
tspitr    | deleted backup piece
tspitr    | backup piece handle=/u01/fast_recovery_area/TRMAN01/backupset/2019_11_26/o1_mf_annnn_TAG20191126T071857_gxsnh1cj_.bkp RECID=112 STAMP=1025335137
tspitr    | deleted backup piece
tspitr    | backup piece handle=/u01/fast_recovery_area/TRMAN01/autobackup/2019_11_26/o1_mf_s_1025335138_gxsnh2qo_.bkp RECID=113 STAMP=1025335138
tspitr    | deleted backup piece
tspitr    | backup piece handle=/u01/fast_recovery_area/TRMAN01/backupset/2019_11_26/o1_mf_annnn_TAG20191126T071917_gxsnhod7_.bkp RECID=114 STAMP=1025335157
tspitr    | deleted backup piece
tspitr    | backup piece handle=/u01/fast_recovery_area/TRMAN01/autobackup/2019_11_26/o1_mf_s_1025335158_gxsnhpy7_.bkp RECID=115 STAMP=1025335158
tspitr    | deleted backup piece
tspitr    | backup piece handle=/u01/fast_recovery_area/TRMAN01/autobackup/2019_11_26/o1_mf_s_1025335976_gxso9894_.bkp RECID=116 STAMP=1025335976
tspitr    | Deleted 10 objects
tspitr    | 
tspitr    | 
tspitr    | RMAN> 
tspitr    | 
tspitr    | Recovery Manager complete.
tspitr    | 
tspitr    | /opt/oradba/bin/53_config_database.sh: running /u01/config/startup/11_backup_database.sh
tspitr    | Example startup script for Database TRMAN01:
tspitr    |   ORACLE_SID          :   TRMAN01
tspitr    |   ORACLE_HOME         :   /u00/app/oracle/product/19.0.0.0
tspitr    | RMAN backup of Database TRMAN01:
tspitr    | 
tspitr    | Recovery Manager: Release 19.0.0.0.0 - Production on Tue Nov 26 07:43:29 2019
tspitr    | Version 19.5.0.0.0
tspitr    | 
tspitr    | Copyright (c) 1982, 2019, Oracle and/or its affiliates.  All rights reserved.
tspitr    | 
tspitr    | RMAN> 
tspitr    | connected to target database: TRMAN01 (DBID=3810649330)
tspitr    | 
tspitr    | RMAN> 
tspitr    | 
tspitr    | Starting backup at 26-NOV-19
tspitr    | current log archived
tspitr    | using target database control file instead of recovery catalog
tspitr    | allocated channel: ORA_DISK_1
tspitr    | channel ORA_DISK_1: SID=137 device type=DISK
tspitr    | channel ORA_DISK_1: starting archived log backup set
tspitr    | channel ORA_DISK_1: specifying archived log(s) in backup set
tspitr    | input archived log thread=1 sequence=210 RECID=199 STAMP=1025336612
tspitr    | channel ORA_DISK_1: starting piece 1 at 26-NOV-19
tspitr    | channel ORA_DISK_1: finished piece 1 at 26-NOV-19
tspitr    | piece handle=/u01/fast_recovery_area/TRMAN01/backupset/2019_11_26/o1_mf_annnn_TAG20191126T074332_gxsox4tm_.bkp tag=TAG20191126T074332 comment=NONE
tspitr    | channel ORA_DISK_1: backup set complete, elapsed time: 00:00:01
tspitr    | channel ORA_DISK_1: deleting archived log(s)
tspitr    | archived log file name=/u01/fast_recovery_area/TRMAN01/archivelog/2019_11_26/o1_mf_1_210_gxsox3so_.arc RECID=199 STAMP=1025336612
tspitr    | Finished backup at 26-NOV-19
tspitr    | 
tspitr    | Starting backup at 26-NOV-19
tspitr    | using channel ORA_DISK_1
tspitr    | channel ORA_DISK_1: starting full datafile backup set
tspitr    | channel ORA_DISK_1: specifying datafile(s) in backup set
tspitr    | input datafile file number=00001 name=/u01/oradata/TRMAN01/system01TRMAN01.dbf
tspitr    | input datafile file number=00003 name=/u01/oradata/TRMAN01/sysaux01TRMAN01.dbf
tspitr    | input datafile file number=00005 name=/u01/oradata/TRMAN01/undotbs01TRMAN01.dbf
tspitr    | input datafile file number=00007 name=/u01/oradata/TRMAN01/users01TRMAN01.dbf
tspitr    | channel ORA_DISK_1: starting piece 1 at 26-NOV-19
tspitr    | channel ORA_DISK_1: finished piece 1 at 26-NOV-19
tspitr    | piece handle=/u01/fast_recovery_area/TRMAN01/backupset/2019_11_26/o1_mf_nnndf_TAG20191126T074334_gxsox6v4_.bkp tag=TAG20191126T074334 comment=NONE
tspitr    | channel ORA_DISK_1: backup set complete, elapsed time: 00:00:07
tspitr    | channel ORA_DISK_1: starting full datafile backup set
tspitr    | channel ORA_DISK_1: specifying datafile(s) in backup set
tspitr    | input datafile file number=00097 name=/u01/oradata/TRMAN01/TSPITR/TRMAN01/983C07F470380163E053030011AC21AA/datafile/o1_mf_undotbs1_gxsowd0g_.dbf
tspitr    | input datafile file number=00095 name=/u01/oradata/TRMAN01/TSPITR/TRMAN01/983C07F470380163E053030011AC21AA/datafile/o1_mf_system_gxsowcyh_.dbf
tspitr    | input datafile file number=00096 name=/u01/oradata/TRMAN01/TSPITR/TRMAN01/983C07F470380163E053030011AC21AA/datafile/o1_mf_sysaux_gxsowcz4_.dbf
tspitr    | input datafile file number=00098 name=/u01/oradata/TRMAN01/TSPITR/TRMAN01/983C07F470380163E053030011AC21AA/datafile/o1_mf_users_gxsowpf3_.dbf
tspitr    | channel ORA_DISK_1: starting piece 1 at 26-NOV-19
tspitr    | channel ORA_DISK_1: finished piece 1 at 26-NOV-19
tspitr    | piece handle=/u01/fast_recovery_area/TRMAN01/983C07F470380163E053030011AC21AA/backupset/2019_11_26/o1_mf_nnndf_TAG20191126T074334_gxsoxg9t_.bkp tag=TAG20191126T074334 comment=NONE
tspitr    | channel ORA_DISK_1: backup set complete, elapsed time: 00:00:07
tspitr    | channel ORA_DISK_1: starting full datafile backup set
tspitr    | channel ORA_DISK_1: specifying datafile(s) in backup set
tspitr    | input datafile file number=00010 name=/u01/oradata/TRMAN01/PDB1/undotbs01TRMAN01.dbf
tspitr    | input datafile file number=00008 name=/u01/oradata/TRMAN01/PDB1/system01TRMAN01.dbf
tspitr    | input datafile file number=00009 name=/u01/oradata/TRMAN01/PDB1/sysaux01TRMAN01.dbf
tspitr    | input datafile file number=00011 name=/u01/oradata/TRMAN01/PDB1/users01.dbf
tspitr    | channel ORA_DISK_1: starting piece 1 at 26-NOV-19
tspitr    | channel ORA_DISK_1: finished piece 1 at 26-NOV-19
tspitr    | piece handle=/u01/fast_recovery_area/TRMAN01/982DEE183E3918E0E053030011AC2C38/backupset/2019_11_26/o1_mf_nnndf_TAG20191126T074334_gxsoxo71_.bkp tag=TAG20191126T074334 comment=NONE
tspitr    | channel ORA_DISK_1: backup set complete, elapsed time: 00:00:07
tspitr    | channel ORA_DISK_1: starting full datafile backup set
tspitr    | channel ORA_DISK_1: specifying datafile(s) in backup set
tspitr    | input datafile file number=00006 name=/u01/oradata/TRMAN01/pdbseed/undotbs01TRMAN01.dbf
tspitr    | input datafile file number=00002 name=/u01/oradata/TRMAN01/pdbseed/system01TRMAN01.dbf
tspitr    | input datafile file number=00004 name=/u01/oradata/TRMAN01/pdbseed/sysaux01TRMAN01.dbf
tspitr    | channel ORA_DISK_1: starting piece 1 at 26-NOV-19
tspitr    | channel ORA_DISK_1: finished piece 1 at 26-NOV-19
tspitr    | piece handle=/u01/fast_recovery_area/TRMAN01/982CF63B04940255E053030011AC32A4/backupset/2019_11_26/o1_mf_nnndf_TAG20191126T074334_gxsoxwhn_.bkp tag=TAG20191126T074334 comment=NONE
tspitr    | channel ORA_DISK_1: backup set complete, elapsed time: 00:00:07
tspitr    | Finished backup at 26-NOV-19
tspitr    | 
tspitr    | Starting backup at 26-NOV-19
tspitr    | current log archived
tspitr    | using channel ORA_DISK_1
tspitr    | channel ORA_DISK_1: starting archived log backup set
tspitr    | channel ORA_DISK_1: specifying archived log(s) in backup set
tspitr    | input archived log thread=1 sequence=211 RECID=200 STAMP=1025336643
tspitr    | channel ORA_DISK_1: starting piece 1 at 26-NOV-19
tspitr    | channel ORA_DISK_1: finished piece 1 at 26-NOV-19
tspitr    | piece handle=/u01/fast_recovery_area/TRMAN01/backupset/2019_11_26/o1_mf_annnn_TAG20191126T074403_gxsoy3py_.bkp tag=TAG20191126T074403 comment=NONE
tspitr    | channel ORA_DISK_1: backup set complete, elapsed time: 00:00:01
tspitr    | channel ORA_DISK_1: deleting archived log(s)
tspitr    | archived log file name=/u01/fast_recovery_area/TRMAN01/archivelog/2019_11_26/o1_mf_1_211_gxsoy3hb_.arc RECID=200 STAMP=1025336643
tspitr    | Finished backup at 26-NOV-19
tspitr    | 
tspitr    | Starting Control File and SPFILE Autobackup at 26-NOV-19
tspitr    | piece handle=/u01/fast_recovery_area/TRMAN01/autobackup/2019_11_26/o1_mf_s_1025336645_gxsoy56w_.bkp comment=NONE
tspitr    | Finished Control File and SPFILE Autobackup at 26-NOV-19
tspitr    | 
tspitr    | RMAN> 
tspitr    | 
tspitr    | Recovery Manager complete.
tspitr    | 
tspitr    | /opt/oradba/bin/53_config_database.sh: running /u01/config/startup/20_create_some_load_tspitr.sql
tspitr    | 
tspitr    | Session altered.
tspitr    | 
tspitr    | 
tspitr    | 14 rows updated.
tspitr    | 
tspitr    | 
tspitr    | Commit complete.
tspitr    | 
tspitr    | 
tspitr    | 14 rows updated.
tspitr    | 
tspitr    | 
tspitr    | Commit complete.
tspitr    | 
tspitr    | 
tspitr    | Session altered.
tspitr    | 
tspitr    | 
tspitr    | System altered.
tspitr    | 
tspitr    | 
tspitr    | System altered.
tspitr    | 
tspitr    | 
tspitr    | System altered.
tspitr    | 
tspitr    | 
tspitr    | Session altered.
tspitr    | 
tspitr    | 
tspitr    | 14 rows updated.
tspitr    | 
tspitr    | 
tspitr    | Commit complete.
tspitr    | 
tspitr    | 
tspitr    | Session altered.
tspitr    | 
tspitr    | 
tspitr    | System altered.
tspitr    | 
tspitr    | 
tspitr    | System altered.
tspitr    | 
tspitr    | 
tspitr    | Session altered.
tspitr    | 
tspitr    | 
tspitr    | 14 rows updated.
tspitr    | 
tspitr    | 
tspitr    | Commit complete.
tspitr    | 
tspitr    | 
tspitr    | 14 rows updated.
tspitr    | 
tspitr    | 
tspitr    | Commit complete.
tspitr    | 
tspitr    | 
tspitr    | Session altered.
tspitr    | 
tspitr    | 
tspitr    | System altered.
tspitr    | 
tspitr    | 
tspitr    | Commit complete.
tspitr    | 
tspitr    | 
tspitr    | System altered.
tspitr    | 
tspitr    | 
tspitr    | System altered.
tspitr    | 
tspitr    | 
tspitr    | 
tspitr    | /opt/oradba/bin/53_config_database.sh: running /u01/config/startup/21_create_scott_tspitr_table_tspitr.sql
tspitr    | 
tspitr    | Session altered.
tspitr    | 
tspitr    | 
tspitr    | PL/SQL procedure successfully completed.
tspitr    | 
tspitr    | 
tspitr    | 
tspitr    | 
tspitr    | 
tspitr    | 1 row selected.
tspitr    | 
tspitr    | 
tspitr    | Table created.
tspitr    | 
tspitr    | 
tspitr    | Commit complete.
tspitr    | 
tspitr    | 
tspitr    | before TSPITR,26.11.2019 07:44:19
tspitr    | 
tspitr    | 
tspitr    | /opt/oradba/bin/53_config_database.sh: running /u01/config/startup/22_backup_archivelogs.sh
tspitr    | Example startup script for Database TRMAN01:
tspitr    |   ORACLE_SID          :   TRMAN01
tspitr    |   ORACLE_HOME         :   /u00/app/oracle/product/19.0.0.0
tspitr    | RMAN backup of Database TRMAN01:
tspitr    | 
tspitr    | Recovery Manager: Release 19.0.0.0.0 - Production on Tue Nov 26 07:44:19 2019
tspitr    | Version 19.5.0.0.0
tspitr    | 
tspitr    | Copyright (c) 1982, 2019, Oracle and/or its affiliates.  All rights reserved.
tspitr    | 
tspitr    | RMAN> 
tspitr    | connected to target database: TRMAN01 (DBID=3810649330)
tspitr    | 
tspitr    | RMAN> 
tspitr    | Starting backup at 26-NOV-19
tspitr    | current log archived
tspitr    | using target database control file instead of recovery catalog
tspitr    | allocated channel: ORA_DISK_1
tspitr    | channel ORA_DISK_1: SID=21 device type=DISK
tspitr    | channel ORA_DISK_1: starting archived log backup set
tspitr    | channel ORA_DISK_1: specifying archived log(s) in backup set
tspitr    | input archived log thread=1 sequence=212 RECID=201 STAMP=1025336647
tspitr    | input archived log thread=1 sequence=213 RECID=202 STAMP=1025336647
tspitr    | input archived log thread=1 sequence=214 RECID=203 STAMP=1025336648
tspitr    | input archived log thread=1 sequence=215 RECID=204 STAMP=1025336648
tspitr    | input archived log thread=1 sequence=216 RECID=205 STAMP=1025336648
tspitr    | input archived log thread=1 sequence=217 RECID=206 STAMP=1025336651
tspitr    | input archived log thread=1 sequence=218 RECID=207 STAMP=1025336654
tspitr    | input archived log thread=1 sequence=219 RECID=208 STAMP=1025336657
tspitr    | input archived log thread=1 sequence=220 RECID=209 STAMP=1025336661
tspitr    | channel ORA_DISK_1: starting piece 1 at 26-NOV-19
tspitr    | channel ORA_DISK_1: finished piece 1 at 26-NOV-19
tspitr    | piece handle=/u01/fast_recovery_area/TRMAN01/backupset/2019_11_26/o1_mf_annnn_TAG20191126T074422_gxsoypsc_.bkp tag=TAG20191126T074422 comment=NONE
tspitr    | channel ORA_DISK_1: backup set complete, elapsed time: 00:00:01
tspitr    | channel ORA_DISK_1: deleting archived log(s)
tspitr    | archived log file name=/u01/fast_recovery_area/TRMAN01/archivelog/2019_11_26/o1_mf_1_212_gxsoy6yy_.arc RECID=201 STAMP=1025336647
tspitr    | archived log file name=/u01/fast_recovery_area/TRMAN01/archivelog/2019_11_26/o1_mf_1_213_gxsoy70o_.arc RECID=202 STAMP=1025336647
tspitr    | archived log file name=/u01/fast_recovery_area/TRMAN01/archivelog/2019_11_26/o1_mf_1_214_gxsoy8lg_.arc RECID=203 STAMP=1025336648
tspitr    | archived log file name=/u01/fast_recovery_area/TRMAN01/archivelog/2019_11_26/o1_mf_1_215_gxsoy8nt_.arc RECID=204 STAMP=1025336648
tspitr    | archived log file name=/u01/fast_recovery_area/TRMAN01/archivelog/2019_11_26/o1_mf_1_216_gxsoy8xg_.arc RECID=205 STAMP=1025336648
tspitr    | archived log file name=/u01/fast_recovery_area/TRMAN01/archivelog/2019_11_26/o1_mf_1_217_gxsoycnq_.arc RECID=206 STAMP=1025336651
tspitr    | archived log file name=/u01/fast_recovery_area/TRMAN01/archivelog/2019_11_26/o1_mf_1_218_gxsoygof_.arc RECID=207 STAMP=1025336654
tspitr    | archived log file name=/u01/fast_recovery_area/TRMAN01/archivelog/2019_11_26/o1_mf_1_219_gxsoykt1_.arc RECID=208 STAMP=1025336657
tspitr    | archived log file name=/u01/fast_recovery_area/TRMAN01/archivelog/2019_11_26/o1_mf_1_220_gxsoyoqk_.arc RECID=209 STAMP=1025336661
tspitr    | Finished backup at 26-NOV-19
tspitr    | 
tspitr    | Starting Control File and SPFILE Autobackup at 26-NOV-19
tspitr    | piece handle=/u01/fast_recovery_area/TRMAN01/autobackup/2019_11_26/o1_mf_s_1025336664_gxsoyrfo_.bkp comment=NONE
tspitr    | Finished Control File and SPFILE Autobackup at 26-NOV-19
tspitr    | 
tspitr    | RMAN> 
tspitr    | 
tspitr    | Recovery Manager complete.
tspitr    | 
tspitr    | /opt/oradba/bin/53_config_database.sh: running /u01/config/startup/23_screw_up_scott_tspitr.sql
tspitr    | 
tspitr    | 
tspitr    | 
tspitr    | 
tspitr    | Session altered.
tspitr    | 
tspitr    | 
tspitr    | 14 rows updated.
tspitr    | 
tspitr    | 
tspitr    | Commit complete.
tspitr    | 
tspitr    | 
tspitr    | 1 row updated.
tspitr    | 
tspitr    | 
tspitr    | Commit complete.
tspitr    | 
tspitr    | 
tspitr    | 
tspitr    | 
tspitr    | 
tspitr    | 1 row selected.
tspitr    | 
tspitr    | 
tspitr    | INFO
tspitr    | ---------------------------------
tspitr    | After TSPITR,26.11.2019 07:44:26
tspitr    | 
tspitr    | 1 row selected.
tspitr    | 
tspitr    | 
tspitr    | 14 rows updated.
tspitr    | 
tspitr    | 
tspitr    | Commit complete.
tspitr    | 
tspitr    | 
tspitr    | 14 rows updated.
tspitr    | 
tspitr    | 
tspitr    | Session altered.
tspitr    | 
tspitr    | 
tspitr    | System altered.
tspitr    | 
tspitr    | 
tspitr    | System altered.
tspitr    | 
tspitr    | 
tspitr    | Session altered.
tspitr    | 
tspitr    | 
tspitr    | INFO
tspitr    | ---------------------------------
tspitr    | After TSPITR,26.11.2019 07:44:26
tspitr    | 
tspitr    | 1 row selected.
tspitr    | 
tspitr    | 
tspitr    |      EMPNO ENAME      JOB	       MGR HIREDATE	    SAL       COMM     DEPTNO
tspitr    | ---------- ---------- --------- ---------- --------- ---------- ---------- ----------
tspitr    |       7369 ERROR      CLERK	      7902 17-DEC-80	    800 		   20
tspitr    |       7499 ERROR      SALESMAN	      7698 20-FEB-81	   1600        300	   30
tspitr    |       7521 ERROR      SALESMAN	      7698 22-FEB-81	   1250        500	   30
tspitr    |       7566 ERROR      MANAGER	      7839 02-APR-81	   2975 		   20
tspitr    |       7654 ERROR      SALESMAN	      7698 28-SEP-81	   1250       1400	   30
tspitr    |       7698 ERROR      MANAGER	      7839 01-MAY-81	   2850 		   30
tspitr    |       7782 ERROR      MANAGER	      7839 09-JUN-81	   2450 		   10
tspitr    |       7788 ERROR      ANALYST	      7566 19-APR-87	   3000 		   20
tspitr    |       7839 ERROR      PRESIDENT 	   17-NOV-81	   5000 		   10
tspitr    |       7844 ERROR      SALESMAN	      7698 08-SEP-81	   1500 	 0	   30
tspitr    |       7876 ERROR      CLERK	      7788 23-MAY-87	   1100 		   20
tspitr    |       7900 ERROR      CLERK	      7698 03-DEC-81	    950 		   30
tspitr    |       7902 ERROR      ANALYST	      7566 03-DEC-81	   3000 		   20
tspitr    |       7934 ERROR      CLERK	      7782 23-JAN-82	   1300 		   10
tspitr    | 
tspitr    | 14 rows selected.
tspitr    | 
tspitr    | 
tspitr    | 
tspitr    | /opt/oradba/bin/53_config_database.sh: running /u01/config/startup/30_execute_TSPITR_tspitr.sh
tspitr    | RMAN TSPITR on database TRMAN01:
tspitr    |   ORACLE_SID              :   TRMAN01
tspitr    |   ORACLE_PDB              :   TSPITR
tspitr    |   ORACLE_HOME             :   /u00/app/oracle/product/19.0.0.0
tspitr    |   PDB_CREATE_FILE_DEST    :   /u01/oradata/TRMAN01/TSPITR
tspitr    |   Until time              :   26.11.2019 07:44:19
tspitr    | 
tspitr    | Recovery Manager: Release 19.0.0.0.0 - Production on Tue Nov 26 07:44:28 2019
tspitr    | Version 19.5.0.0.0
tspitr    | 
tspitr    | Copyright (c) 1982, 2019, Oracle and/or its affiliates.  All rights reserved.
tspitr    | 
tspitr    | RMAN> 
tspitr    | connected to target database: TRMAN01 (DBID=3810649330)
tspitr    | 
tspitr    | RMAN> 2> 3> 
tspitr    | Starting recover at 26-NOV-19
tspitr    | using target database control file instead of recovery catalog
tspitr    | allocated channel: ORA_DISK_1
tspitr    | channel ORA_DISK_1: SID=14 device type=DISK
tspitr    | RMAN-05026: warning: presuming following set of tablespaces applies to specified point-in-time
tspitr    | 
tspitr    | List of tablespaces expected to have UNDO segments
tspitr    | Tablespace SYSTEM
tspitr    | Tablespace TSPITR:SYSTEM
tspitr    | Tablespace UNDOTBS1
tspitr    | Tablespace TSPITR:UNDOTBS1
tspitr    | 
tspitr    | Creating automatic instance, with SID='esFl'
tspitr    | 
tspitr    | initialization parameters used for automatic instance:
tspitr    | db_name=TRMAN01
tspitr    | db_unique_name=esFl_pitr_TSPITR_TRMAN01
tspitr    | compatible=19.0.0
tspitr    | db_block_size=8192
tspitr    | db_files=200
tspitr    | diagnostic_dest=/u00/app/oracle
tspitr    | _system_trig_enabled=FALSE
tspitr    | sga_target=768M
tspitr    | processes=200
tspitr    | db_create_file_dest=/u01/oradata/
tspitr    | log_archive_dest_1='location=/u01/oradata/'
tspitr    | enable_pluggable_database=true
tspitr    | _clone_one_pdb_recovery=true
tspitr    | #No auxiliary parameter file used
tspitr    | 
tspitr    | 
tspitr    | starting up automatic instance TRMAN01
tspitr    | 
tspitr    | Oracle instance started
tspitr    | 
tspitr    | Total System Global Area     805303848 bytes
tspitr    | 
tspitr    | Fixed Size                     9139752 bytes
tspitr    | Variable Size                218103808 bytes
tspitr    | Database Buffers             570425344 bytes
tspitr    | Redo Buffers                   7634944 bytes
tspitr    | Automatic instance created
tspitr    | Running TRANSPORT_SET_CHECK on recovery set tablespaces
tspitr    | TRANSPORT_SET_CHECK completed successfully
tspitr    | 
tspitr    | contents of Memory Script:
tspitr    | {
tspitr    | # set requested point in time
tspitr    | set until  time "to_date('26.11.2019 07:44:19','DD.MM.YYYY HH24:MI:SS')";
tspitr    | # restore the controlfile
tspitr    | restore clone controlfile;
tspitr    |  
tspitr    | # mount the controlfile
tspitr    | sql clone 'alter database mount clone database';
tspitr    |  
tspitr    | # archive current online log 
tspitr    | sql 'alter system archive log current';
tspitr    | # avoid unnecessary autobackups for structural changes during TSPITR
tspitr    | sql 'begin dbms_backup_restore.AutoBackupFlag(FALSE); end;';
tspitr    | }
tspitr    | executing Memory Script
tspitr    | 
tspitr    | executing command: SET until clause
tspitr    | 
tspitr    | Starting restore at 26-NOV-19
tspitr    | allocated channel: ORA_AUX_DISK_1
tspitr    | channel ORA_AUX_DISK_1: SID=10 device type=DISK
tspitr    | 
tspitr    | channel ORA_AUX_DISK_1: starting datafile backup set restore
tspitr    | channel ORA_AUX_DISK_1: restoring control file
tspitr    | channel ORA_AUX_DISK_1: reading from backup piece /u01/fast_recovery_area/TRMAN01/autobackup/2019_11_26/o1_mf_s_1025336645_gxsoy56w_.bkp
tspitr    | channel ORA_AUX_DISK_1: piece handle=/u01/fast_recovery_area/TRMAN01/autobackup/2019_11_26/o1_mf_s_1025336645_gxsoy56w_.bkp tag=TAG20191126T074405
tspitr    | channel ORA_AUX_DISK_1: restored backup piece 1
tspitr    | channel ORA_AUX_DISK_1: restore complete, elapsed time: 00:00:01
tspitr    | output file name=/u01/oradata/TRMAN01/controlfile/o1_mf_gxsozzqh_.ctl
tspitr    | Finished restore at 26-NOV-19
tspitr    | 
tspitr    | sql statement: alter database mount clone database
tspitr    | 
tspitr    | sql statement: alter system archive log current
tspitr    | 
tspitr    | sql statement: begin dbms_backup_restore.AutoBackupFlag(FALSE); end;
tspitr    | 
tspitr    | contents of Memory Script:
tspitr    | {
tspitr    | # set requested point in time
tspitr    | set until  time "to_date('26.11.2019 07:44:19','DD.MM.YYYY HH24:MI:SS')";
tspitr    | plsql <<<--
tspitr    | declare
tspitr    |   sqlstatement       varchar2(512);
tspitr    |   pdbname            varchar2(128);
tspitr    |   offline_not_needed exception;
tspitr    |   pragma exception_init(offline_not_needed, -01539);
tspitr    | begin
tspitr    |    pdbname := 'TSPITR'; -- pdbname
tspitr    |   sqlstatement := 'alter tablespace '||  'USERS' ||' offline immediate';
tspitr    |   krmicd.writeMsg(6162, sqlstatement);
tspitr    |   krmicd.execSql(sqlstatement, 0, pdbname);
tspitr    | exception
tspitr    |   when offline_not_needed then
tspitr    |     null;
tspitr    | end; >>>;
tspitr    | # set destinations for recovery set and auxiliary set datafiles
tspitr    | set newname for clone datafile  1 to new;
tspitr    | set newname for clone datafile  95 to new;
tspitr    | set newname for clone datafile  5 to new;
tspitr    | set newname for clone datafile  97 to new;
tspitr    | set newname for clone datafile  3 to new;
tspitr    | set newname for clone datafile  96 to new;
tspitr    | set newname for clone tempfile  1 to new;
tspitr    | set newname for clone tempfile  4 to new;
tspitr    | set newname for datafile  98 to 
tspitr    |  "/u01/oradata/TRMAN01/TSPITR/TRMAN01/983C07F470380163E053030011AC21AA/datafile/o1_mf_users_gxsowpf3_.dbf";
tspitr    | # switch all tempfiles
tspitr    | switch clone tempfile all;
tspitr    | # restore the tablespaces in the recovery set and the auxiliary set
tspitr    | restore clone datafile  1, 95, 5, 97, 3, 96, 98;
tspitr    |  
tspitr    | switch clone datafile all;
tspitr    | }
tspitr    | executing Memory Script
tspitr    | 
tspitr    | executing command: SET until clause
tspitr    | 
tspitr    | sql statement: alter tablespace USERS offline immediate
tspitr    | 
tspitr    | executing command: SET NEWNAME
tspitr    | 
tspitr    | executing command: SET NEWNAME
tspitr    | 
tspitr    | executing command: SET NEWNAME
tspitr    | 
tspitr    | executing command: SET NEWNAME
tspitr    | 
tspitr    | executing command: SET NEWNAME
tspitr    | 
tspitr    | executing command: SET NEWNAME
tspitr    | 
tspitr    | executing command: SET NEWNAME
tspitr    | 
tspitr    | executing command: SET NEWNAME
tspitr    | 
tspitr    | executing command: SET NEWNAME
tspitr    | 
tspitr    | renamed tempfile 1 to /u01/oradata/TRMAN01/datafile/o1_mf_temp_%u_.tmp in control file
tspitr    | renamed tempfile 4 to /u01/oradata/TRMAN01/983C07F470380163E053030011AC21AA/datafile/o1_mf_temp_%u_.tmp in control file
tspitr    | 
tspitr    | Starting restore at 26-NOV-19
tspitr    | using channel ORA_AUX_DISK_1
tspitr    | 
tspitr    | channel ORA_AUX_DISK_1: starting datafile backup set restore
tspitr    | channel ORA_AUX_DISK_1: specifying datafile(s) to restore from backup set
tspitr    | channel ORA_AUX_DISK_1: restoring datafile 00001 to /u01/oradata/TRMAN01/datafile/o1_mf_system_%u_.dbf
tspitr    | channel ORA_AUX_DISK_1: restoring datafile 00005 to /u01/oradata/TRMAN01/datafile/o1_mf_undotbs1_%u_.dbf
tspitr    | channel ORA_AUX_DISK_1: restoring datafile 00003 to /u01/oradata/TRMAN01/datafile/o1_mf_sysaux_%u_.dbf
tspitr    | channel ORA_AUX_DISK_1: reading from backup piece /u01/fast_recovery_area/TRMAN01/backupset/2019_11_26/o1_mf_nnndf_TAG20191126T074334_gxsox6v4_.bkp
tspitr    | channel ORA_AUX_DISK_1: piece handle=/u01/fast_recovery_area/TRMAN01/backupset/2019_11_26/o1_mf_nnndf_TAG20191126T074334_gxsox6v4_.bkp tag=TAG20191126T074334
tspitr    | channel ORA_AUX_DISK_1: restored backup piece 1
tspitr    | channel ORA_AUX_DISK_1: restore complete, elapsed time: 00:00:15
tspitr    | channel ORA_AUX_DISK_1: starting datafile backup set restore
tspitr    | channel ORA_AUX_DISK_1: specifying datafile(s) to restore from backup set
tspitr    | channel ORA_AUX_DISK_1: restoring datafile 00095 to /u01/oradata/TRMAN01/983C07F470380163E053030011AC21AA/datafile/o1_mf_system_%u_.dbf
tspitr    | channel ORA_AUX_DISK_1: restoring datafile 00097 to /u01/oradata/TRMAN01/983C07F470380163E053030011AC21AA/datafile/o1_mf_undotbs1_%u_.dbf
tspitr    | channel ORA_AUX_DISK_1: restoring datafile 00096 to /u01/oradata/TRMAN01/983C07F470380163E053030011AC21AA/datafile/o1_mf_sysaux_%u_.dbf
tspitr    | channel ORA_AUX_DISK_1: restoring datafile 00098 to /u01/oradata/TRMAN01/TSPITR/TRMAN01/983C07F470380163E053030011AC21AA/datafile/o1_mf_users_gxsowpf3_.dbf
tspitr    | channel ORA_AUX_DISK_1: reading from backup piece /u01/fast_recovery_area/TRMAN01/983C07F470380163E053030011AC21AA/backupset/2019_11_26/o1_mf_nnndf_TAG20191126T074334_gxsoxg9t_.bkp
tspitr    | channel ORA_AUX_DISK_1: piece handle=/u01/fast_recovery_area/TRMAN01/983C07F470380163E053030011AC21AA/backupset/2019_11_26/o1_mf_nnndf_TAG20191126T074334_gxsoxg9t_.bkp tag=TAG20191126T074334
tspitr    | channel ORA_AUX_DISK_1: restored backup piece 1
tspitr    | channel ORA_AUX_DISK_1: restore complete, elapsed time: 00:00:07
tspitr    | Finished restore at 26-NOV-19
tspitr    | 
tspitr    | datafile 1 switched to datafile copy
tspitr    | input datafile copy RECID=7 STAMP=1025336736 file name=/u01/oradata/TRMAN01/datafile/o1_mf_system_gxsp0bm6_.dbf
tspitr    | datafile 95 switched to datafile copy
tspitr    | input datafile copy RECID=8 STAMP=1025336736 file name=/u01/oradata/TRMAN01/983C07F470380163E053030011AC21AA/datafile/o1_mf_system_gxsp0sqf_.dbf
tspitr    | datafile 5 switched to datafile copy
tspitr    | input datafile copy RECID=9 STAMP=1025336736 file name=/u01/oradata/TRMAN01/datafile/o1_mf_undotbs1_gxsp0bo1_.dbf
tspitr    | datafile 97 switched to datafile copy
tspitr    | input datafile copy RECID=10 STAMP=1025336736 file name=/u01/oradata/TRMAN01/983C07F470380163E053030011AC21AA/datafile/o1_mf_undotbs1_gxsp0spn_.dbf
tspitr    | datafile 3 switched to datafile copy
tspitr    | input datafile copy RECID=11 STAMP=1025336737 file name=/u01/oradata/TRMAN01/datafile/o1_mf_sysaux_gxsp0bn6_.dbf
tspitr    | datafile 96 switched to datafile copy
tspitr    | input datafile copy RECID=12 STAMP=1025336737 file name=/u01/oradata/TRMAN01/983C07F470380163E053030011AC21AA/datafile/o1_mf_sysaux_gxsp0sr4_.dbf
tspitr    | 
tspitr    | contents of Memory Script:
tspitr    | {
tspitr    | # set requested point in time
tspitr    | set until  time "to_date('26.11.2019 07:44:19','DD.MM.YYYY HH24:MI:SS')";
tspitr    | # online the datafiles restored or switched
tspitr    | sql clone "alter database datafile  1 online";
tspitr    | sql clone 'TSPITR' "alter database datafile 
tspitr    |  95 online";
tspitr    | sql clone "alter database datafile  5 online";
tspitr    | sql clone 'TSPITR' "alter database datafile 
tspitr    |  97 online";
tspitr    | sql clone "alter database datafile  3 online";
tspitr    | sql clone 'TSPITR' "alter database datafile 
tspitr    |  96 online";
tspitr    | sql clone 'TSPITR' "alter database datafile 
tspitr    |  98 online";
tspitr    | # recover and open resetlogs
tspitr    | recover clone database tablespace  "TSPITR":"USERS", "SYSTEM", "TSPITR":"SYSTEM", "UNDOTBS1", "TSPITR":"UNDOTBS1", "SYSAUX", "TSPITR":"SYSAUX" delete archivelog;
tspitr    | alter clone database open resetlogs;
tspitr    | }
tspitr    | executing Memory Script
tspitr    | 
tspitr    | executing command: SET until clause
tspitr    | 
tspitr    | sql statement: alter database datafile  1 online
tspitr    | 
tspitr    | sql statement: alter database datafile  95 online
tspitr    | 
tspitr    | sql statement: alter database datafile  5 online
tspitr    | 
tspitr    | sql statement: alter database datafile  97 online
tspitr    | 
tspitr    | sql statement: alter database datafile  3 online
tspitr    | 
tspitr    | sql statement: alter database datafile  96 online
tspitr    | 
tspitr    | sql statement: alter database datafile  98 online
tspitr    | 
tspitr    | Starting recover at 26-NOV-19
tspitr    | using channel ORA_AUX_DISK_1
tspitr    | 
tspitr    | starting media recovery
tspitr    | 
tspitr    | channel ORA_AUX_DISK_1: starting archived log restore to default destination
tspitr    | channel ORA_AUX_DISK_1: restoring archived log
tspitr    | archived log thread=1 sequence=211
tspitr    | channel ORA_AUX_DISK_1: reading from backup piece /u01/fast_recovery_area/TRMAN01/backupset/2019_11_26/o1_mf_annnn_TAG20191126T074403_gxsoy3py_.bkp
tspitr    | channel ORA_AUX_DISK_1: piece handle=/u01/fast_recovery_area/TRMAN01/backupset/2019_11_26/o1_mf_annnn_TAG20191126T074403_gxsoy3py_.bkp tag=TAG20191126T074403
tspitr    | channel ORA_AUX_DISK_1: restored backup piece 1
tspitr    | channel ORA_AUX_DISK_1: restore complete, elapsed time: 00:00:01
tspitr    | archived log file name=/u01/oradata/1_211_1025271858.dbf thread=1 sequence=211
tspitr    | channel clone_default: deleting archived log(s)
tspitr    | archived log file name=/u01/oradata/1_211_1025271858.dbf RECID=201 STAMP=1025336742
tspitr    | channel ORA_AUX_DISK_1: starting archived log restore to default destination
tspitr    | channel ORA_AUX_DISK_1: restoring archived log
tspitr    | archived log thread=1 sequence=212
tspitr    | channel ORA_AUX_DISK_1: restoring archived log
tspitr    | archived log thread=1 sequence=213
tspitr    | channel ORA_AUX_DISK_1: restoring archived log
tspitr    | archived log thread=1 sequence=214
tspitr    | channel ORA_AUX_DISK_1: restoring archived log
tspitr    | archived log thread=1 sequence=215
tspitr    | channel ORA_AUX_DISK_1: restoring archived log
tspitr    | archived log thread=1 sequence=216
tspitr    | channel ORA_AUX_DISK_1: restoring archived log
tspitr    | archived log thread=1 sequence=217
tspitr    | channel ORA_AUX_DISK_1: restoring archived log
tspitr    | archived log thread=1 sequence=218
tspitr    | channel ORA_AUX_DISK_1: restoring archived log
tspitr    | archived log thread=1 sequence=219
tspitr    | channel ORA_AUX_DISK_1: restoring archived log
tspitr    | archived log thread=1 sequence=220
tspitr    | channel ORA_AUX_DISK_1: reading from backup piece /u01/fast_recovery_area/TRMAN01/backupset/2019_11_26/o1_mf_annnn_TAG20191126T074422_gxsoypsc_.bkp
tspitr    | channel ORA_AUX_DISK_1: piece handle=/u01/fast_recovery_area/TRMAN01/backupset/2019_11_26/o1_mf_annnn_TAG20191126T074422_gxsoypsc_.bkp tag=TAG20191126T074422
tspitr    | channel ORA_AUX_DISK_1: restored backup piece 1
tspitr    | channel ORA_AUX_DISK_1: restore complete, elapsed time: 00:00:02
tspitr    | archived log file name=/u01/oradata/1_212_1025271858.dbf thread=1 sequence=212
tspitr    | channel clone_default: deleting archived log(s)
tspitr    | archived log file name=/u01/oradata/1_212_1025271858.dbf RECID=205 STAMP=1025336744
tspitr    | archived log file name=/u01/oradata/1_213_1025271858.dbf thread=1 sequence=213
tspitr    | channel clone_default: deleting archived log(s)
tspitr    | archived log file name=/u01/oradata/1_213_1025271858.dbf RECID=202 STAMP=1025336744
tspitr    | archived log file name=/u01/oradata/1_214_1025271858.dbf thread=1 sequence=214
tspitr    | channel clone_default: deleting archived log(s)
tspitr    | archived log file name=/u01/oradata/1_214_1025271858.dbf RECID=208 STAMP=1025336744
tspitr    | archived log file name=/u01/oradata/1_215_1025271858.dbf thread=1 sequence=215
tspitr    | channel clone_default: deleting archived log(s)
tspitr    | archived log file name=/u01/oradata/1_215_1025271858.dbf RECID=207 STAMP=1025336744
tspitr    | archived log file name=/u01/oradata/1_216_1025271858.dbf thread=1 sequence=216
tspitr    | channel clone_default: deleting archived log(s)
tspitr    | archived log file name=/u01/oradata/1_216_1025271858.dbf RECID=204 STAMP=1025336744
tspitr    | archived log file name=/u01/oradata/1_217_1025271858.dbf thread=1 sequence=217
tspitr    | channel clone_default: deleting archived log(s)
tspitr    | archived log file name=/u01/oradata/1_217_1025271858.dbf RECID=206 STAMP=1025336744
tspitr    | archived log file name=/u01/oradata/1_218_1025271858.dbf thread=1 sequence=218
tspitr    | channel clone_default: deleting archived log(s)
tspitr    | archived log file name=/u01/oradata/1_218_1025271858.dbf RECID=209 STAMP=1025336744
tspitr    | archived log file name=/u01/oradata/1_219_1025271858.dbf thread=1 sequence=219
tspitr    | channel clone_default: deleting archived log(s)
tspitr    | archived log file name=/u01/oradata/1_219_1025271858.dbf RECID=210 STAMP=1025336744
tspitr    | archived log file name=/u01/oradata/1_220_1025271858.dbf thread=1 sequence=220
tspitr    | channel clone_default: deleting archived log(s)
tspitr    | archived log file name=/u01/oradata/1_220_1025271858.dbf RECID=203 STAMP=1025336744
tspitr    | media recovery complete, elapsed time: 00:00:03
tspitr    | Finished recover at 26-NOV-19
tspitr    | 
tspitr    | database opened
tspitr    | 
tspitr    | contents of Memory Script:
tspitr    | {
tspitr    | sql clone 'alter pluggable database  TSPITR open';
tspitr    | }
tspitr    | executing Memory Script
tspitr    | 
tspitr    | sql statement: alter pluggable database  TSPITR open
tspitr    | 
tspitr    | contents of Memory Script:
tspitr    | {
tspitr    | # make read only the tablespace that will be exported
tspitr    | sql clone 'TSPITR' 'alter tablespace 
tspitr    |  USERS read only';
tspitr    | # create directory for datapump import
tspitr    | sql 'TSPITR' "create or replace directory 
tspitr    | TSPITR_DIROBJ_DPDIR as ''
tspitr    | /u01/oradata/''";
tspitr    | # create directory for datapump export
tspitr    | sql clone 'TSPITR' "create or replace directory 
tspitr    | TSPITR_DIROBJ_DPDIR as ''
tspitr    | /u01/oradata/''";
tspitr    | }
tspitr    | executing Memory Script
tspitr    | 
tspitr    | sql statement: alter tablespace  USERS read only
tspitr    | 
tspitr    | sql statement: create or replace directory TSPITR_DIROBJ_DPDIR as ''/u01/oradata/''
tspitr    | 
tspitr    | sql statement: create or replace directory TSPITR_DIROBJ_DPDIR as ''/u01/oradata/''
tspitr    | 
tspitr    | Performing export of metadata...
tspitr    |    EXPDP> Starting "SYS"."TSPITR_EXP_esFl_nemz":  
tspitr    |    EXPDP> Processing object type TRANSPORTABLE_EXPORT/INDEX/STATISTICS/INDEX_STATISTICS
tspitr    |    EXPDP> Processing object type TRANSPORTABLE_EXPORT/STATISTICS/TABLE_STATISTICS
tspitr    |    EXPDP> Processing object type TRANSPORTABLE_EXPORT/PLUGTS_BLK
tspitr    |    EXPDP> Processing object type TRANSPORTABLE_EXPORT/POST_INSTANCE/PLUGTS_BLK
tspitr    |    EXPDP> Processing object type TRANSPORTABLE_EXPORT/TABLE
tspitr    |    EXPDP> Processing object type TRANSPORTABLE_EXPORT/CONSTRAINT/CONSTRAINT
tspitr    |    EXPDP> Processing object type TRANSPORTABLE_EXPORT/CONSTRAINT/REF_CONSTRAINT
tspitr    |    EXPDP> Master table "SYS"."TSPITR_EXP_esFl_nemz" successfully loaded/unloaded
tspitr    |    EXPDP> ******************************************************************************
tspitr    |    EXPDP> Dump file set for SYS.TSPITR_EXP_esFl_nemz is:
tspitr    |    EXPDP>   /u01/oradata/tspitr_esFl_24745.dmp
tspitr    |    EXPDP> ******************************************************************************
tspitr    |    EXPDP> Datafiles required for transportable tablespace USERS:
tspitr    |    EXPDP>   /u01/oradata/TRMAN01/TSPITR/TRMAN01/983C07F470380163E053030011AC21AA/datafile/o1_mf_users_gxsowpf3_.dbf
tspitr    |    EXPDP> Job "SYS"."TSPITR_EXP_esFl_nemz" successfully completed at Tue Nov 26 07:48:16 2019 elapsed 0 00:01:23
tspitr    | Export completed
tspitr    | 
tspitr    | 
tspitr    | contents of Memory Script:
tspitr    | {
tspitr    | # shutdown clone before import
tspitr    | shutdown clone abort
tspitr    | # drop target tablespaces before importing them back
tspitr    | sql 'TSPITR' 'drop tablespace 
tspitr    |  USERS including contents keep datafiles cascade constraints';
tspitr    | }
tspitr    | executing Memory Script
tspitr    | 
tspitr    | Oracle instance shut down
tspitr    | 
tspitr    | sql statement: drop tablespace  USERS including contents keep datafiles cascade constraints
tspitr    | 
tspitr    | Performing import of metadata...
tspitr    |    IMPDP> Master table "SYS"."TSPITR_IMP_esFl_iBct" successfully loaded/unloaded
tspitr    |    IMPDP> Starting "SYS"."TSPITR_IMP_esFl_iBct":  
tspitr    |    IMPDP> Processing object type TRANSPORTABLE_EXPORT/PLUGTS_BLK
tspitr    |    IMPDP> Processing object type TRANSPORTABLE_EXPORT/TABLE
tspitr    |    IMPDP> Processing object type TRANSPORTABLE_EXPORT/CONSTRAINT/CONSTRAINT
tspitr    |    IMPDP> Processing object type TRANSPORTABLE_EXPORT/INDEX/STATISTICS/INDEX_STATISTICS
tspitr    |    IMPDP> Processing object type TRANSPORTABLE_EXPORT/CONSTRAINT/REF_CONSTRAINT
tspitr    |    IMPDP> Processing object type TRANSPORTABLE_EXPORT/STATISTICS/TABLE_STATISTICS
tspitr    |    IMPDP> Processing object type TRANSPORTABLE_EXPORT/POST_INSTANCE/PLUGTS_BLK
tspitr    |    IMPDP> Job "SYS"."TSPITR_IMP_esFl_iBct" successfully completed at Tue Nov 26 07:48:38 2019 elapsed 0 00:00:05
tspitr    | Import completed
tspitr    | 
tspitr    | 
tspitr    | contents of Memory Script:
tspitr    | {
tspitr    | # make read write and offline the imported tablespaces
tspitr    | sql 'TSPITR' 'alter tablespace 
tspitr    |  USERS read write';
tspitr    | sql 'TSPITR' 'alter tablespace 
tspitr    |  USERS offline';
tspitr    | # enable autobackups after TSPITR is finished
tspitr    | sql 'begin dbms_backup_restore.AutoBackupFlag(TRUE); end;';
tspitr    | }
tspitr    | executing Memory Script
tspitr    | 
tspitr    | sql statement: alter tablespace  USERS read write
tspitr    | 
tspitr    | sql statement: alter tablespace  USERS offline
tspitr    | 
tspitr    | sql statement: begin dbms_backup_restore.AutoBackupFlag(TRUE); end;
tspitr    | 
tspitr    | Removing automatic instance
tspitr    | Automatic instance removed
tspitr    | auxiliary instance file /u01/oradata/TRMAN01/983C07F470380163E053030011AC21AA/datafile/o1_mf_temp_gxsp1p3j_.tmp deleted
tspitr    | auxiliary instance file /u01/oradata/TRMAN01/datafile/o1_mf_temp_gxsp1lth_.tmp deleted
tspitr    | auxiliary instance file /u01/oradata/TRMAN01/onlinelog/o1_mf_3_gxsp1fnb_.log deleted
tspitr    | auxiliary instance file /u01/oradata/TRMAN01/onlinelog/o1_mf_2_gxsp1fgv_.log deleted
tspitr    | auxiliary instance file /u01/oradata/TRMAN01/onlinelog/o1_mf_1_gxsp1f9g_.log deleted
tspitr    | auxiliary instance file /u01/oradata/TRMAN01/983C07F470380163E053030011AC21AA/datafile/o1_mf_sysaux_gxsp0sr4_.dbf deleted
tspitr    | auxiliary instance file /u01/oradata/TRMAN01/datafile/o1_mf_sysaux_gxsp0bn6_.dbf deleted
tspitr    | auxiliary instance file /u01/oradata/TRMAN01/983C07F470380163E053030011AC21AA/datafile/o1_mf_undotbs1_gxsp0spn_.dbf deleted
tspitr    | auxiliary instance file /u01/oradata/TRMAN01/datafile/o1_mf_undotbs1_gxsp0bo1_.dbf deleted
tspitr    | auxiliary instance file /u01/oradata/TRMAN01/983C07F470380163E053030011AC21AA/datafile/o1_mf_system_gxsp0sqf_.dbf deleted
tspitr    | auxiliary instance file /u01/oradata/TRMAN01/datafile/o1_mf_system_gxsp0bm6_.dbf deleted
tspitr    | auxiliary instance file /u01/oradata/TRMAN01/controlfile/o1_mf_gxsozzqh_.ctl deleted
tspitr    | auxiliary instance file tspitr_esFl_24745.dmp deleted
tspitr    | Finished recover at 26-NOV-19
tspitr    | 
tspitr    | RMAN> 
tspitr    | 
tspitr    | Recovery Manager complete.
tspitr    | 
tspitr    | /opt/oradba/bin/53_config_database.sh: running /u01/config/startup/31_status_scott_tspitr.sql
tspitr    | 
tspitr    | Session altered.
tspitr    | 
tspitr    | 
tspitr    | Tablespace altered.
tspitr    | 
tspitr    | SELECT * FROM scott.tspitr
tspitr    |                     *
tspitr    | ERROR at line 1:
tspitr    | ORA-00942: table or view does not exist
tspitr    | 
tspitr    | 
tspitr    | 
tspitr    |      EMPNO ENAME      JOB	       MGR HIREDATE	    SAL       COMM     DEPTNO
tspitr    | ---------- ---------- --------- ---------- --------- ---------- ---------- ----------
tspitr    |       7369 SMITH      CLERK	      7902 17-DEC-80	    800 		   20
tspitr    |       7499 ALLEN      SALESMAN	      7698 20-FEB-81	   1600        300	   30
tspitr    |       7521 WARD       SALESMAN	      7698 22-FEB-81	   1250        500	   30
tspitr    |       7566 JONES      MANAGER	      7839 02-APR-81	   2975 		   20
tspitr    |       7654 MARTIN     SALESMAN	      7698 28-SEP-81	   1250       1400	   30
tspitr    |       7698 BLAKE      MANAGER	      7839 01-MAY-81	   2850 		   30
tspitr    |       7782 CLARK      MANAGER	      7839 09-JUN-81	   2450 		   10
tspitr    |       7788 SCOTT      ANALYST	      7566 19-APR-87	   3000 		   20
tspitr    |       7839 KING       PRESIDENT 	   17-NOV-81	   5000 		   10
tspitr    |       7844 TURNER     SALESMAN	      7698 08-SEP-81	   1500 	 0	   30
tspitr    |       7876 ADAMS      CLERK	      7788 23-MAY-87	   1100 		   20
tspitr    |       7900 JAMES      CLERK	      7698 03-DEC-81	    950 		   30
tspitr    |       7902 FORD       ANALYST	      7566 03-DEC-81	   3000 		   20
tspitr    |       7934 MILLER     CLERK	      7782 23-JAN-82	   1300 		   10
tspitr    | 
tspitr    | 14 rows selected.
tspitr    | 
tspitr    | 
tspitr    | 
tspitr    | /opt/oradba/bin/53_config_database.sh: running /u01/config/startup/90_drop_pdb_tspitr.sql
tspitr    | 
tspitr    | Pluggable database altered.
tspitr    | 
tspitr    | 
tspitr    | Pluggable database dropped.
tspitr    | 
tspitr    | 
tspitr    | 
tspitr    | /opt/oradba/bin/53_config_database.sh: ignoring /u01/config/startup/README.md
tspitr    | 
tspitr    | DONE: Executing user defined scripts